0 info it worked if it ends with ok
1 verbose cli [ '/usr/local/Cellar/node/6.5.0/bin/node',
1 verbose cli   '/usr/local/bin/npm',
1 verbose cli   'run',
1 verbose cli   'build' ]
2 info using npm@3.10.3
3 info using node@v6.5.0
4 verbose run-script [ 'prebuild', 'build', 'postbuild' ]
5 info lifecycle @~prebuild: @
6 silly lifecycle @~prebuild: no script for prebuild, continuing
7 info lifecycle @~build: @
8 verbose lifecycle @~build: unsafe-perm in lifecycle true
9 verbose lifecycle @~build: PATH: /usr/local/lib/node_modules/npm/bin/node-gyp-bin:/Users/ConQuest/Final_Project/shopping/static/node_modules/.bin:/usr/local/Cellar/node/6.5.0/bin:/Users/ConQuest/Final_Project/.direnv/python-3.5.2/bin:/Users/ConQuest/.rbenv/shims:/Users/ConQuest/.rbenv/bin:/usr/local/bin:/usr/local/bin:/usr/bin:/bin:/usr/sbin:/sbin:/usr/local/sbin
10 verbose lifecycle @~build: CWD: /Users/ConQuest/Final_Project/shopping/static
11 silly lifecycle @~build: Args: [ '-c',
11 silly lifecycle   'npm run html && npm run fonts && npm run build:css && npm run build:js && npm run build:images' ]
12 silly lifecycle @~build: Returned: code: 1  signal: null
13 info lifecycle @~build: Failed to exec build script
14 verbose stack Error: @ build: `npm run html && npm run fonts && npm run build:css && npm run build:js && npm run build:images`
14 verbose stack Exit status 1
14 verbose stack     at EventEmitter.<anonymous> (/usr/local/lib/node_modules/npm/lib/utils/lifecycle.js:242:16)
14 verbose stack     at emitTwo (events.js:106:13)
14 verbose stack     at EventEmitter.emit (events.js:191:7)
14 verbose stack     at ChildProcess.<anonymous> (/usr/local/lib/node_modules/npm/lib/utils/spawn.js:40:14)
14 verbose stack     at emitTwo (events.js:106:13)
14 verbose stack     at ChildProcess.emit (events.js:191:7)
14 verbose stack     at maybeClose (internal/child_process.js:877:16)
14 verbose stack     at Process.ChildProcess._handle.onexit (internal/child_process.js:226:5)
15 verbose pkgid @
16 verbose cwd /Users/ConQuest/Final_Project/shopping/static
17 error Darwin 15.6.0
18 error argv "/usr/local/Cellar/node/6.5.0/bin/node" "/usr/local/bin/npm" "run" "build"
19 error node v6.5.0
20 error npm  v3.10.3
21 error code ELIFECYCLE
22 error @ build: `npm run html && npm run fonts && npm run build:css && npm run build:js && npm run build:images`
22 error Exit status 1
23 error Failed at the @ build script 'npm run html && npm run fonts && npm run build:css && npm run build:js && npm run build:images'.
23 error Make sure you have the latest version of node.js and npm installed.
23 error If you do, this is most likely a problem with the  package,
23 error not with npm itself.
23 error Tell the author that this fails on your system:
23 error     npm run html && npm run fonts && npm run build:css && npm run build:js && npm run build:images
23 error You can get information on how to open an issue for this project with:
23 error     npm bugs
23 error Or if that isn't available, you can get their info via:
23 error     npm owner ls
23 error There is likely additional logging output above.
24 verbose exit [ 1, true ]
